2022-05-21 15:04:49.008 | INFO     | app.watchdog:_run:24 - The watchdog observer starts watching - /home/twkim/P-Drive/IRB_STUDY00145795_COVID-19_CT/Data/ImageData/test
2022-05-21 15:04:49.009 | INFO     | app.watchdog:_run:24 - The watchdog observer starts watching - /home/twkim/P-Drive/IRB_STUDY00146849_LHC/Data/ImageData
2022-05-21 15:04:49.009 | INFO     | app.watchdog:_run:24 - The watchdog observer starts watching - /home/twkim/P-Drive/IRB_STUDY00144916_PrecISE/Data/ImageData
2022-05-21 15:04:49.009 | INFO     | app.watchdog:_run:24 - The watchdog observer starts watching - /home/twkim/P-Drive/IRB_STUDY00146203_ SARP 4/Data/ImageData
2022-05-21 15:04:49.010 | INFO     | app.watchdog:_run:24 - The watchdog observer starts watching - /home/twkim/P-Drive/IRB_STUDY00146630_RheSolve/Data/ImageData
2022-05-23 13:40:33.177 | INFO     | app.watchdog:on_created:78 - New scan download detected: Project=PRECISE, StudyID=KCM470072, CTDate=20210923, Path=IRB_STUDY00144916_PrecISE/Data/ImageData/DCM_20210901-30_PRECISE_TK/KCM470072_20210923
2022-05-23 13:40:33.891 | INFO     | app.qctworksheet:add_new_scan:44 - Successfully added new scan to PRECISE
2022-05-23 13:43:20.257 | INFO     | app.watchdog:on_created:78 - New scan download detected: Project=PRECISE, StudyID=KCM470118, CTDate=20211012, Path=IRB_STUDY00144916_PrecISE/Data/ImageData/DCM_20211001-31_PRECISE_TK/KCM470118_20211012
2022-05-23 13:43:20.922 | INFO     | app.qctworksheet:add_new_scan:44 - Successfully added new scan to PRECISE
2022-05-23 13:44:52.901 | INFO     | app.watchdog:on_created:78 - New scan download detected: Project=PRECISE, StudyID=KCM470061, CTDate=20211101, Path=IRB_STUDY00144916_PrecISE/Data/ImageData/DCM_20211101-30_PRECISE_TK/KCM470061_20211101
2022-05-23 13:44:53.434 | INFO     | app.qctworksheet:add_new_scan:44 - Successfully added new scan to PRECISE
2022-05-23 13:45:54.544 | INFO     | app.watchdog:on_created:78 - New scan download detected: Project=PRECISE, StudyID=KCM470105, CTDate=20211206, Path=IRB_STUDY00144916_PrecISE/Data/ImageData/DCM_20211201-31_PRECISE_TK/KCM470105_20211206
2022-05-23 13:45:55.309 | INFO     | app.qctworksheet:add_new_scan:44 - Successfully added new scan to PRECISE
2022-05-23 13:46:14.202 | INFO     | app.watchdog:on_created:78 - New scan download detected: Project=PRECISE, StudyID=KCM470094, CTDate=20211214, Path=IRB_STUDY00144916_PrecISE/Data/ImageData/DCM_20211201-31_PRECISE_TK/KCM470094_20211214
2022-05-23 13:46:14.818 | INFO     | app.qctworksheet:add_new_scan:44 - Successfully added new scan to PRECISE
2022-05-23 13:47:06.301 | ERROR    | app.watchdog:construct_raw_scan:71 - Invalid folder name syntax - Check path: /home/twkim/P-Drive/IRB_STUDY00144916_PrecISE/Data/ImageData/KCM470171_20220426
Exception in thread Thread-1:
Traceback (most recent call last):
  File "/home/twkim/.pyenv/versions/3.8.12/lib/python3.8/threading.py", line 932, in _bootstrap_inner
    self.run()
  File "/home/twkim/.pyenv/versions/alveola-backend/lib/python3.8/site-packages/watchdog/observers/api.py", line 205, in run
    self.dispatch_events(self.event_queue)
  File "/home/twkim/.pyenv/versions/alveola-backend/lib/python3.8/site-packages/watchdog/observers/api.py", line 381, in dispatch_events
    handler.dispatch(event)
  File "/home/twkim/.pyenv/versions/alveola-backend/lib/python3.8/site-packages/watchdog/events.py", line 272, in dispatch
    {
  File "/data3/twkim/code/Alveola-research/backend/qctwatchdog/app/watchdog.py", line 79, in on_created
    f"New scan download detected: Project={raw_scan.proj}, StudyID={raw_scan.study_id}, CTDate={raw_scan.ct_date}, Path={raw_scan.dcm_path}"
AttributeError: 'NoneType' object has no attribute 'proj'
